  Assignment_2_Phase_1_P1.cpp
C:\Users\nhuta\Desktop\DAS_Lab\Assignment_2_Phase_1_P1\Assignment_2_Phase_1_P1\Assignment_2_Phase_1_P1.cpp(1014,14): warning C4244: 'initializing': conversion from 'double' to 'int', possible loss of data
C:\Users\nhuta\Desktop\DAS_Lab\Assignment_2_Phase_1_P1\Assignment_2_Phase_1_P1\Assignment_2_Phase_1_P1.cpp(1001): message : while compiling class template member function 'void BKUTree<int,int>::AVLTree::printTreeStructure(void)'
C:\Users\nhuta\Desktop\DAS_Lab\Assignment_2_Phase_1_P1\Assignment_2_Phase_1_P1\Assignment_2_Phase_1_P1.cpp(192): message : see reference to function template instantiation 'void BKUTree<int,int>::AVLTree::printTreeStructure(void)' being compiled
C:\Users\nhuta\Desktop\DAS_Lab\Assignment_2_Phase_1_P1\Assignment_2_Phase_1_P1\Assignment_2_Phase_1_P1.cpp(212): message : see reference to class template instantiation 'BKUTree<int,int>::AVLTree' being compiled
C:\Users\nhuta\Desktop\DAS_Lab\Assignment_2_Phase_1_P1\Assignment_2_Phase_1_P1\Assignment_2_Phase_1_P1.cpp(403): message : see reference to class template instantiation 'BKUTree<int,int>::SplayTree::Node' being compiled
C:\Users\nhuta\Desktop\DAS_Lab\Assignment_2_Phase_1_P1\Assignment_2_Phase_1_P1\Assignment_2_Phase_1_P1.cpp(397): message : while compiling class template member function 'V BKUTree<int,V>::SplayTree::search(K)'
          with
          [
              V=int,
              K=int
          ]
C:\Users\nhuta\Desktop\DAS_Lab\Assignment_2_Phase_1_P1\Assignment_2_Phase_1_P1\Assignment_2_Phase_1_P1.cpp(1061): message : see reference to function template instantiation 'V BKUTree<int,V>::SplayTree::search(K)' being compiled
          with
          [
              V=int,
              K=int
          ]
C:\Users\nhuta\Desktop\DAS_Lab\Assignment_2_Phase_1_P1\Assignment_2_Phase_1_P1\Assignment_2_Phase_1_P1.cpp(1061): message : see reference to class template instantiation 'BKUTree<int,int>::SplayTree' being compiled
C:\Users\nhuta\Desktop\DAS_Lab\Assignment_2_Phase_1_P1\Assignment_2_Phase_1_P1\Assignment_2_Phase_1_P1.cpp(519,14): warning C4244: 'initializing': conversion from 'double' to 'int', possible loss of data
C:\Users\nhuta\Desktop\DAS_Lab\Assignment_2_Phase_1_P1\Assignment_2_Phase_1_P1\Assignment_2_Phase_1_P1.cpp(506): message : while compiling class template member function 'void BKUTree<int,int>::SplayTree::printTreeStructure(void)'
C:\Users\nhuta\Desktop\DAS_Lab\Assignment_2_Phase_1_P1\Assignment_2_Phase_1_P1\Assignment_2_Phase_1_P1.cpp(187): message : see reference to function template instantiation 'void BKUTree<int,int>::SplayTree::printTreeStructure(void)' being compiled
  Assignment_2_Phase_1_P1.vcxproj -> C:\Users\nhuta\Desktop\DAS_Lab\Assignment_2_Phase_1_P1\Debug\Assignment_2_Phase_1_P1.exe
